TN:
SF:controllers/habits.js
FN:4,index
FN:14,showHabitbyHabitId
FN:24,showHabitsbyUser
FN:34,create
FN:44,patch
FN:55,destroy
FNF:6
FNH:4
FNDA:1,index
FNDA:2,showHabitbyHabitId
FNDA:0,showHabitsbyUser
FNDA:1,create
FNDA:0,patch
FNDA:1,destroy
DA:1,1
DA:5,1
DA:6,1
DA:7,1
DA:9,0
DA:15,2
DA:16,2
DA:17,2
DA:19,0
DA:25,0
DA:26,0
DA:27,0
DA:29,0
DA:35,1
DA:36,1
DA:37,1
DA:39,0
DA:45,0
DA:46,0
DA:47,0
DA:49,0
DA:56,1
DA:57,1
DA:58,1
DA:59,1
DA:61,1
DA:65,1
LF:27
LH:16
BRF:0
BRH:0
end_of_record
TN:
SF:controllers/users.js
FN:4,index
FN:14,show
FN:24,create
FNF:3
FNH:3
FNDA:1,index
FNDA:1,show
FNDA:1,create
DA:1,1
DA:5,1
DA:6,1
DA:7,1
DA:9,0
DA:15,1
DA:16,1
DA:17,1
DA:19,0
DA:25,1
DA:26,1
DA:27,1
DA:29,0
DA:33,1
LF:14
LH:11
BRF:0
BRH:0
end_of_record
TN:
SF:dbConfig/init.js
FNF:0
FNH:0
DA:1,4
DA:3,4
DA:5,4
LF:3
LH:3
BRF:0
BRH:0
end_of_record
TN:
SF:models/habits.js
FN:6,(anonymous_0)
FN:15,(anonymous_1)
FN:16,(anonymous_2)
FN:19,(anonymous_3)
FN:28,(anonymous_4)
FN:29,(anonymous_5)
FN:43,(anonymous_6)
FN:44,(anonymous_7)
FN:50,(anonymous_8)
FN:58,(anonymous_9)
FN:59,(anonymous_10)
FN:77,(anonymous_11)
FN:78,(anonymous_12)
FNF:13
FNH:13
FNDA:13,(anonymous_0)
FNDA:1,(anonymous_1)
FNDA:1,(anonymous_2)
FNDA:3,(anonymous_3)
FNDA:1,(anonymous_4)
FNDA:1,(anonymous_5)
FNDA:1,(anonymous_6)
FNDA:1,(anonymous_7)
FNDA:1,(anonymous_8)
FNDA:1,(anonymous_9)
FNDA:1,(anonymous_10)
FNDA:1,(anonymous_11)
FNDA:1,(anonymous_12)
DA:1,2
DA:3,2
DA:7,13
DA:8,13
DA:9,13
DA:10,13
DA:11,13
DA:16,1
DA:17,1
DA:18,1
DA:19,3
DA:20,1
DA:22,0
DA:29,1
DA:30,1
DA:31,1
DA:34,1
DA:35,1
DA:37,0
DA:44,1
DA:45,1
DA:46,1
DA:50,1
DA:51,1
DA:53,0
DA:59,1
DA:60,1
DA:62,1
DA:64,1
DA:68,1
DA:69,1
DA:70,1
DA:72,0
DA:78,1
DA:79,1
DA:80,1
DA:83,1
DA:85,0
DA:91,2
LF:39
LH:34
BRF:0
BRH:0
end_of_record
TN:
SF:models/users.js
FN:4,(anonymous_0)
FN:11,(anonymous_1)
FN:12,(anonymous_2)
FN:15,(anonymous_3)
FN:24,(anonymous_4)
FN:25,(anonymous_5)
FN:39,(anonymous_6)
FN:40,(anonymous_7)
FNF:8
FNH:8
FNDA:9,(anonymous_0)
FNDA:1,(anonymous_1)
FNDA:1,(anonymous_2)
FNDA:3,(anonymous_3)
FNDA:1,(anonymous_4)
FNDA:1,(anonymous_5)
FNDA:1,(anonymous_6)
FNDA:1,(anonymous_7)
DA:1,4
DA:5,9
DA:6,9
DA:7,9
DA:12,1
DA:13,1
DA:14,1
DA:15,3
DA:16,1
DA:18,0
DA:25,1
DA:26,1
DA:27,1
DA:30,1
DA:31,1
DA:33,0
DA:40,1
DA:41,1
DA:42,1
DA:44,1
DA:50,1
DA:51,1
DA:52,1
DA:54,0
DA:60,4
LF:25
LH:22
BRF:0
BRH:0
end_of_record
